# JRE version: OpenJDK Runtime Environment JBR-11.0.13.7-1751.21-jcef (11.0.13+7) (build 11.0.13+7-b1751.21)
# Java VM: OpenJDK 64-Bit Server VM JBR-11.0.13.7-1751.21-jcef (11.0.13+7-b1751.21, mixed mode, tiered, compressed oops, g1 gc, windows-amd64)
Heap:
 garbage-first heap   total 397312K, used 103001K [0x0000000080000000, 0x0000000100000000)
  region size 1024K, 14 young (14336K), 14 survivors (14336K)
 Metaspace       used 48948K, capacity 50340K, committed 50480K, reserved 1093632K
  class space    used 6200K, capacity 6714K, committed 6784K, reserved 1048576K
GC Heap History (20 events):
Event: 34.688 GC heap after
{Heap after GC invocations=34 (full 0):
 garbage-first heap   total 229376K, used 92448K [0x0000000080000000, 0x0000000100000000)
  region size 1024K, 9 young (9216K), 9 survivors (9216K)
 Metaspace       used 48943K, capacity 50340K, committed 50480K, reserved 1093632K
  class space    used 6199K, capacity 6714K, committed 6784K, reserved 1048576K
}
Event: 34.971 GC heap before
{Heap before GC invocations=34 (full 0):
 garbage-first heap   total 229376K, used 196896K [0x0000000080000000, 0x0000000100000000)
  region size 1024K, 110 young (112640K), 9 survivors (9216K)
 Metaspace       used 48943K, capacity 50340K, committed 50480K, reserved 1093632K
  class space    used 6199K, capacity 6714K, committed 6784K, reserved 1048576K
}
Event: 34.979 GC heap after
{Heap after GC invocations=35 (full 0):
 garbage-first heap   total 229376K, used 93362K [0x0000000080000000, 0x0000000100000000)
  region size 1024K, 9 young (9216K), 9 survivors (9216K)
 Metaspace       used 48943K, capacity 50340K, committed 50480K, reserved 1093632K
  class space    used 6199K, capacity 6714K, committed 6784K, reserved 1048576K
}
Event: 35.280 GC heap before
{Heap before GC invocations=35 (full 0):
 garbage-first heap   total 229376K, used 195762K [0x0000000080000000, 0x0000000100000000)
  region size 1024K, 109 young (111616K), 9 survivors (9216K)
 Metaspace       used 48943K, capacity 50340K, committed 50480K, reserved 1093632K
  class space    used 6199K, capacity 6714K, committed 6784K, reserved 1048576K
}
Event: 35.290 GC heap after
{Heap after GC invocations=36 (full 0):
 garbage-first heap   total 275456K, used 94263K [0x0000000080000000, 0x0000000100000000)
  region size 1024K, 9 young (9216K), 9 survivors (9216K)
 Metaspace       used 48943K, capacity 50340K, committed 50480K, reserved 1093632K
  class space    used 6199K, capacity 6714K, committed 6784K, reserved 1048576K
}
Event: 35.755 GC heap before
{Heap before GC invocations=36 (full 0):
 garbage-first heap   total 275456K, used 227383K [0x0000000080000000, 0x0000000100000000)
  region size 1024K, 139 young (142336K), 9 survivors (9216K)
 Metaspace       used 48943K, capacity 50340K, committed 50480K, reserved 1093632K
  class space    used 6199K, capacity 6714K, committed 6784K, reserved 1048576K
}
Event: 35.766 GC heap after
{Heap after GC invocations=37 (full 0):
 garbage-first heap   total 275456K, used 95491K [0x0000000080000000, 0x0000000100000000)
  region size 1024K, 10 young (10240K), 10 survivors (10240K)
 Metaspace       used 48943K, capacity 50340K, committed 50480K, reserved 1093632K
  class space    used 6199K, capacity 6714K, committed 6784K, reserved 1048576K
}
Event: 36.142 GC heap before
{Heap before GC invocations=37 (full 0):
 garbage-first heap   total 275456K, used 230659K [0x0000000080000000, 0x0000000100000000)
  region size 1024K, 142 young (145408K), 10 survivors (10240K)
 Metaspace       used 48943K, capacity 50340K, committed 50480K, reserved 1093632K
  class space    used 6199K, capacity 6714K, committed 6784K, reserved 1048576K
}
Event: 36.152 GC heap after
{Heap after GC invocations=38 (full 0):
 garbage-first heap   total 275456K, used 96796K [0x0000000080000000, 0x0000000100000000)
  region size 1024K, 11 young (11264K), 11 survivors (11264K)
 Metaspace       used 48943K, capacity 50340K, committed 50480K, reserved 1093632K
  class space    used 6199K, capacity 6714K, committed 6784K, reserved 1048576K
}
Event: 36.472 GC heap before
{Heap before GC invocations=38 (full 0):
 garbage-first heap   total 275456K, used 231964K [0x0000000080000000, 0x0000000100000000)
  region size 1024K, 143 young (146432K), 11 survivors (11264K)
 Metaspace       used 48943K, capacity 50340K, committed 50480K, reserved 1093632K
  class space    used 6199K, capacity 6714K, committed 6784K, reserved 1048576K
}
Event: 36.481 GC heap after
{Heap after GC invocations=39 (full 0):
 garbage-first heap   total 275456K, used 98183K [0x0000000080000000, 0x0000000100000000)
  region size 1024K, 11 young (11264K), 11 survivors (11264K)
 Metaspace       used 48943K, capacity 50340K, committed 50480K, reserved 1093632K
  class space    used 6199K, capacity 6714K, committed 6784K, reserved 1048576K
}
Event: 36.671 GC heap before
{Heap before GC invocations=39 (full 0):
 garbage-first heap   total 275456K, used 234375K [0x0000000080000000, 0x0000000100000000)
  region size 1024K, 144 young (147456K), 11 survivors (11264K)
 Metaspace       used 48943K, capacity 50340K, committed 50480K, reserved 1093632K
  class space    used 6199K, capacity 6714K, committed 6784K, reserved 1048576K
}
Event: 36.683 GC heap after
{Heap after GC invocations=40 (full 0):
 garbage-first heap   total 330752K, used 99405K [0x0000000080000000, 0x0000000100000000)
  region size 1024K, 11 young (11264K), 11 survivors (11264K)
 Metaspace       used 48943K, capacity 50340K, committed 50480K, reserved 1093632K
  class space    used 6199K, capacity 6714K, committed 6784K, reserved 1048576K
}
Event: 36.972 GC heap before
{Heap before GC invocations=40 (full 0):
 garbage-first heap   total 330752K, used 267341K [0x0000000080000000, 0x0000000100000000)
  region size 1024K, 175 young (179200K), 11 survivors (11264K)
 Metaspace       used 48943K, capacity 50340K, committed 50480K, reserved 1093632K
  class space    used 6199K, capacity 6714K, committed 6784K, reserved 1048576K
}
Event: 36.982 GC heap after
{Heap after GC invocations=41 (full 0):
 garbage-first heap   total 330752K, used 97881K [0x0000000080000000, 0x0000000100000000)
  region size 1024K, 10 young (10240K), 10 survivors (10240K)
 Metaspace       used 48943K, capacity 50340K, committed 50480K, reserved 1093632K
  class space    used 6199K, capacity 6714K, committed 6784K, reserved 1048576K
}
Event: 37.525 GC heap before
{Heap before GC invocations=41 (full 0):
 garbage-first heap   total 330752K, used 285273K [0x0000000080000000, 0x0000000100000000)
  region size 1024K, 193 young (197632K), 10 survivors (10240K)
 Metaspace       used 48944K, capacity 50340K, committed 50480K, reserved 1093632K
  class space    used 6199K, capacity 6714K, committed 6784K, reserved 1048576K
}
Event: 37.536 GC heap after
{Heap after GC invocations=42 (full 0):
 garbage-first heap   total 330752K, used 99608K [0x0000000080000000, 0x0000000100000000)
  region size 1024K, 12 young (12288K), 12 survivors (12288K)
 Metaspace       used 48944K, capacity 50340K, committed 50480K, reserved 1093632K
  class space    used 6199K, capacity 6714K, committed 6784K, reserved 1048576K
}
Event: 38.005 GC heap before
{Heap before GC invocations=42 (full 0):
 garbage-first heap   total 330752K, used 288024K [0x0000000080000000, 0x0000000100000000)
  region size 1024K, 192 young (196608K), 12 survivors (12288K)
 Metaspace       used 48945K, capacity 50340K, committed 50480K, reserved 1093632K
  class space    used 6199K, capacity 6714K, committed 6784K, reserved 1048576K
}
Event: 38.017 GC heap after
{Heap after GC invocations=43 (full 0):
 garbage-first heap   total 330752K, used 101977K [0x0000000080000000, 0x0000000100000000)
  region size 1024K, 13 young (13312K), 13 survivors (13312K)
 Metaspace       used 48945K, capacity 50340K, committed 50480K, reserved 1093632K
  class space    used 6199K, capacity 6714K, committed 6784K, reserved 1048576K
}
Event: 38.509 GC heap before
{Heap before GC invocations=43 (full 0):
 garbage-first heap   total 330752K, used 287321K [0x0000000080000000, 0x0000000100000000)
  region size 1024K, 190 young (194560K), 13 survivors (13312K)
 Metaspace       used 48948K, capacity 50340K, committed 50480K, reserved 1093632K
  class space    used 6200K, capacity 6714K, committed 6784K, reserved 1048576K
}

